2025-02-18T12:18:26+00:00 DEBUG POST: https://ads.tiktok.com/marketing_api/api/developer/app/create_auto_approve/

{"business_platform":"PROD","smb_id":"tt4b_woocommerce_67b47a9200186httplocalhostlaviedesplanteswordpresswp-admin","smb_name":"PROD","redirect_url":"http:\/\/localhost\/la_vie_des_plantes\/wordpress\/wp-admin\/"}
 ajax: no
2025-02-18T12:18:26+00:00 DEBUG Tt4b_Mapi_Class::create_open_source_app: Response: 

HTTP/1.1 200 OK
Content-Type: application/json
X-Tt-Logid: 2025021812182576865D0F733968F0A437,2025021812182576865D0F733968F0A437
Strict-Transport-Security: max-age=31536000; includeSubDomains
Server-Timing: inner; dur=72
x-tt-trace-host: 015b918dd91ff444822199a5297afd1634e3f23190112cba2c28cd8e5c6e7c25f861a01e05d5eeb86504e6e7fa8d61611dadb075a8c20fde526a2370382d86879138dfe281cebd68aff3635eb7fb254bd1bac103480c45cccd63ea139821c37f52
x-tt-trace-id: 00-25021812182576865D0F733968F0A437-37D622F230B407E6-00
Server: TLB
Content-Encoding: gzip
Date: Tue, 18 Feb 2025 12:18:26 GMT
Content-Length: 219
X-Cache: TCP_MISS from a2-22-254-150.deploy.akamaitechnologies.com (AkamaiGHost/11.8.2-cebd4885bf42ba1e815e293c69ad1d4a) (-)
Connection: close
Vary: Accept-Encoding
x-tt-trace-tag: id=16;cdn-cache=miss;type=dyn
Server-Timing: cdn-cache; desc=MISS, edge; dur=18, origin; dur=250
X-Origin-Response-Time: 251,2.22.254.150
X-Akamai-Request-ID: 7fc7755

{"code":0,"msg":"ok","data":{"external_data_key":"ab08b941-b8ee-40f3-bf14-26bab42c70f2","app_secret":"78db3541cdf2140fb1100303ec96e3115795f986","redirect_uri":"http:\/\/localhost\/la_vie_des_plantes\/wordpress\/wp-admin\/","app_id":"7472732452264362002"}}

2025-02-18T12:31:25+00:00 DEBUG POST: https://business-api.tiktok.com/tbp/v2.0/business_profile/disconnect?external_data=

{"business_platform":"WOO_COMMERCE","external_business_id":"tt4b_woocommerce_67b47a9200186"}
 ajax: no
2025-02-18T12:31:25+00:00 DEBUG Tt4b_Mapi_Class::tbp_post: Response: 

HTTP/1.1 200 OK
Content-Type: application/json; charset=utf-8
Content-Length: 95
X-Api-Deprecation-Info: API for Business Version 1.3 is now live. To avoid disruption to your business, we recommend you migrate all calls to v1.3 as soon as possible. Please visit our migration guide for more details: https://ads.tiktok.com/marketing_api/docs?id=1740029169927169
X-Domain-Change-Info: We have moved to the new domain business-api.tiktok.com for API services after the Platform Upgrade on 09/30/2021. Please update all of your requests with the new domain if you haven't done so already. For more information, please visit https://ads.tiktok.com/marketing_api/docs?rid=esb88xalm6m&id=1709207085043713
X-Tt-Logid: 20250218123125F3131B5F40F135DBCF2B
x-tt-trace-host: 014659f504934f05edbe661c1b4633a5233df1ae35ccd587faf4e1df9ccec37007a3b03fdf15d824676c56addf79e783478b80a48eb7dd74fb1b91e97dbe5e4c5e2c6a195db4116ff205623dd4aa0eb3fa00055b08afaac410b5a83c3f69127d7357808617f43785af7a398c9e0333fbab
x-tt-trace-id: 00-250218123125F3131B5F40F135DBCF2B-7BDD00AC87DB07B4-00
Server: TLB
X-Origin-Response-Time: 16,23.45.206.177
X-Akamai-Request-ID: 30d5d35b.4a503ae5
Expires: Tue, 18 Feb 2025 12:31:26 GMT
Cache-Control: max-age=0, no-cache, no-store
Pragma: no-cache
Date: Tue, 18 Feb 2025 12:31:26 GMT
X-Cache: TCP_MISS from a23-77-196-76.deploy.akamaitechnologies.com (AkamaiGHost/11.8.2-632bbea52cad62b88b8edeb1322023d2) (-)
Connection: close
X-Cache-Remote: TCP_MISS from a23-45-206-177.deploy.akamaitechnologies.com (AkamaiGHost/11.8.2-632bbea52cad62b88b8edeb1322023d2) (-)
x-tt-trace-tag: id=16;cdn-cache=miss;type=dyn
Server-Timing: cdn-cache; desc=MISS, edge; dur=222, origin; dur=15
Server-Timing: inner; dur=8
X-Parent-Response-Time: 235,23.77.196.76

{"code":40001,"message":"Permission denied.","request_id":"20250218123125F3131B5F40F135DBCF2B"}

2025-02-18T12:31:25+00:00 DEBUG POST: https://business-api.tiktok.com/tbp/v2.0/shop/connection/disconnect?external_data=

--- EMPTY STRING ---
 ajax: no
2025-02-18T12:31:26+00:00 DEBUG Tt4b_Mapi_Class::tts_shop_disconnect: Response: 

HTTP/1.1 200 OK
Content-Type: application/json; charset=utf-8
Content-Length: 95
X-Api-Deprecation-Info: API for Business Version 1.3 is now live. To avoid disruption to your business, we recommend you migrate all calls to v1.3 as soon as possible. Please visit our migration guide for more details: https://ads.tiktok.com/marketing_api/docs?id=1740029169927169
X-Domain-Change-Info: We have moved to the new domain business-api.tiktok.com for API services after the Platform Upgrade on 09/30/2021. Please update all of your requests with the new domain if you haven't done so already. For more information, please visit https://ads.tiktok.com/marketing_api/docs?rid=esb88xalm6m&id=1709207085043713
X-Tt-Logid: 20250218123125656BDC4893094CF1C365
x-tt-trace-host: 014659f504934f05edbe661c1b4633a5233a9396c5029925fce7a8fccd3ec2a12714b7d32f3eda39acaa745c07a2ea0585811392e225c3c77ba7938f506866699a8473b1331252071677046c007b098629f2c603d1429325aa647d5c4cfa2906f8b1d3e79963c7c27b9e3104e587f7385d
x-tt-trace-id: 00-250218123125656BDC4893094CF1C365-67998019220184A4-00
Server: TLB
X-Origin-Response-Time: 13,184.85.101.75
X-Akamai-Request-ID: 58de3bab.3bfe4d57
Expires: Tue, 18 Feb 2025 12:31:26 GMT
Cache-Control: max-age=0, no-cache, no-store
Pragma: no-cache
Date: Tue, 18 Feb 2025 12:31:26 GMT
X-Cache: TCP_MISS from a23-77-196-94.deploy.akamaitechnologies.com (AkamaiGHost/11.8.2-632bbea52cad62b88b8edeb1322023d2) (-)
Connection: close
X-Cache-Remote: TCP_MISS from a184-85-101-75.deploy.akamaitechnologies.com (AkamaiGHost/11.8.2-632bbea52cad62b88b8edeb1322023d2) (-)
x-tt-trace-tag: id=16;cdn-cache=miss;type=dyn
Server-Timing: cdn-cache; desc=MISS, edge; dur=163, origin; dur=12
Server-Timing: inner; dur=7
X-Parent-Response-Time: 173,23.77.196.94

{"code":40001,"message":"Permission denied.","request_id":"20250218123125656BDC4893094CF1C365"}

